<?xml version="1.0" encoding="UTF-8"?>
<!-- Generated by org.testng.reporters.JUnitXMLReporter -->
<testsuite hostname="DURVESH" ignored="0" name="Test" tests="2" failures="1" timestamp="10 Oct 2023 03:33:31 GMT" time="1.669" errors="0">
  <testcase name="test01" time="1.063" classname="com.tests.LoginTest">
    <failure type="java.lang.AssertionError" message="expected [JavaByKiran | Dashboard1] but found [JavaByKiran | Dashboard]">
      <![CDATA[java.lang.AssertionError: expected [JavaByKiran | Dashboard1] but found [JavaByKiran | Dashboard]at com.tests.LoginTest.test01(LoginTest.java:29)... Removed 31 stack frames]]>
    </failure>
  </testcase> <!-- test01 -->
  <testcase name="test02" time="0.104" classname="com.tests.LoginTest"/>
</testsuite> <!-- Test -->
